Log file open, 11/18/17 20:44:02
LogWindows: Failed to load 'aqProf.dll' (GetLastError=126)
LogWindows: File 'aqProf.dll' does not exist
LogWindows: Failed to load 'VtuneApi.dll' (GetLastError=126)
LogWindows: File 'VtuneApi.dll' does not exist
LogWindows: Failed to load 'VtuneApi32e.dll' (GetLastError=126)
LogWindows: File 'VtuneApi32e.dll' does not exist
LogInit: Display: Running engine for game: CubeEscape
LogPlatformFile: Not using cached read wrapper
LogInit: Display: RandInit(1605054036) SRandInit(1605054036).
LogInit: Read version file with build ID '3709383'
LogInit: Overriding engine version to CL 3754814, compatible CL 3709383
LogInit: Registered custom module enumerator with build ID '3709383'
LogTaskGraph: Started task graph with 5 named threads and 14 total threads with 3 sets of task threads.
LogStats: Stats thread started at 9.355429
LogD3D11RHI: Aftermath initialized
LogModuleManager: Display: Found up-to-date module file ../../../Engine/Plugins/2D/Paper2D/Binaries/Win64/UE4Editor-Paper2D.dll (API version 3709383).
LogModuleManager: Display: Found up-to-date module file ../../../Engine/Plugins/2D/Paper2D/Binaries/Win64/UE4Editor-Paper2DEditor.dll (API version 3709383).
LogModuleManager: Display: Found up-to-date module file ../../../Engine/Plugins/2D/Paper2D/Binaries/Win64/UE4Editor-PaperSpriteSheetImporter.dll (API version 3709383).
LogModuleManager: Display: Found up-to-date module file ../../../Engine/Plugins/2D/Paper2D/Binaries/Win64/UE4Editor-PaperTiledImporter.dll (API version 3709383).
LogModuleManager: Display: Found up-to-date module file ../../../Engine/Plugins/2D/Paper2D/Binaries/Win64/UE4Editor-SmartSnapping.dll (API version 3709383).
LogModuleManager: Display: Found up-to-date module file ../../../Engine/Plugins/Blendables/LightPropagationVolume/Binaries/Win64/UE4Editor-LightPropagationVolumeRuntime.dll (API version 3709383).
LogModuleManager: Display: Found up-to-date module file ../../../Engine/Plugins/Blendables/LightPropagationVolume/Binaries/Win64/UE4Editor-LightPropagationVolumeEditor.dll (API version 3709383).
LogModuleManager: Display: Found up-to-date module file ../../../Engine/Plugins/Developer/GitSourceControl/Binaries/Win64/UE4Editor-GitSourceControl.dll (API version 3709383).
LogModuleManager: Display: Found up-to-date module file ../../../Engine/Plugins/Developer/PerforceSourceControl/Binaries/Win64/UE4Editor-PerforceSourceControl.dll (API version 3709383).
LogModuleManager: Display: Found up-to-date module file ../../../Engine/Plugins/Developer/SubversionSourceControl/Binaries/Win64/UE4Editor-SubversionSourceControl.dll (API version 3709383).
LogModuleManager: Display: Found up-to-date module file ../../../Engine/Plugins/Developer/UObjectPlugin/Binaries/Win64/UE4Editor-UObjectPlugin.dll (API version 3709383).
LogModuleManager: Display: Found up-to-date module file ../../../Engine/Plugins/Developer/VisualStudioCodeSourceCodeAccess/Binaries/Win64/UE4Editor-VisualStudioCodeSourceCodeAccess.dll (API version 3709383).
LogModuleManager: Display: Found up-to-date module file ../../../Engine/Plugins/Developer/VisualStudioSourceCodeAccess/Binaries/Win64/UE4Editor-VisualStudioSourceCodeAccess.dll (API version 3709383).
LogModuleManager: Display: Found up-to-date module file ../../../Engine/Plugins/Editor/AssetManagerEditor/Binaries/Win64/UE4Editor-AssetManagerEditor.dll (API version 3709383).
LogModuleManager: Display: Found up-to-date module file ../../../Engine/Plugins/Editor/AudioCapture/Binaries/Win64/UE4Editor-AudioCapture.dll (API version 3709383).
LogModuleManager: Display: Found up-to-date module file ../../../Engine/Plugins/Editor/FacialAnimation/Binaries/Win64/UE4Editor-FacialAnimation.dll (API version 3709383).
LogModuleManager: Display: Found up-to-date module file ../../../Engine/Plugins/Editor/FacialAnimation/Binaries/Win64/UE4Editor-FacialAnimationEditor.dll (API version 3709383).
LogModuleManager: Display: Found up-to-date module file ../../../Engine/Plugins/Editor/GameplayTagsEditor/Binaries/Win64/UE4Editor-GameplayTagsEditor.dll (API version 3709383).
LogModuleManager: Display: Found up-to-date module file ../../../Engine/Plugins/Editor/MobileLauncherProfileWizard/Binaries/Win64/UE4Editor-MobileLauncherProfileWizard.dll (API version 3709383).
LogModuleManager: Display: Found up-to-date module file ../../../Engine/Plugins/Editor/PluginBrowser/Binaries/Win64/UE4Editor-PluginBrowser.dll (API version 3709383).
LogModuleManager: Display: Found up-to-date module file ../../../Engine/Plugins/Editor/SpeedTreeImporter/Binaries/Win64/UE4Editor-SpeedTreeImporter.dll (API version 3709383).
LogModuleManager: Display: Found up-to-date module file ../../../Engine/Plugins/Experimental/AlembicImporter/Binaries/Win64/UE4Editor-AlembicImporter.dll (API version 3709383).
LogModuleManager: Display: Found up-to-date module file ../../../Engine/Plugins/Experimental/AlembicImporter/Binaries/Win64/UE4Editor-AlembicLibrary.dll (API version 3709383).
LogModuleManager: Display: Found up-to-date module file ../../../Engine/Plugins/Experimental/CharacterAI/Binaries/Win64/UE4Editor-CharacterAI.dll (API version 3709383).
LogModuleManager: Display: Found up-to-date module file ../../../Engine/Plugins/Experimental/HTML5Networking/Binaries/Win64/UE4Editor-HTML5Networking.dll (API version 3709383).
LogModuleManager: Display: Found up-to-date module file ../../../Engine/Plugins/Media/AndroidMedia/Binaries/Win64/UE4Editor-AndroidMediaEditor.dll (API version 3709383).
LogModuleManager: Display: Found up-to-date module file ../../../Engine/Plugins/Media/AndroidMedia/Binaries/Win64/UE4Editor-AndroidMediaFactory.dll (API version 3709383).
LogModuleManager: Display: Found up-to-date module file ../../../Engine/Plugins/Media/AvfMedia/Binaries/Win64/UE4Editor-AvfMediaEditor.dll (API version 3709383).
LogModuleManager: Display: Found up-to-date module file ../../../Engine/Plugins/Media/AvfMedia/Binaries/Win64/UE4Editor-AvfMediaFactory.dll (API version 3709383).
LogModuleManager: Display: Found up-to-date module file ../../../Engine/Plugins/Media/AvfMedia/Binaries/Win64/UE4Editor-AvfMediaFactory.dll (API version 3709383).
LogModuleManager: Display: Found up-to-date module file ../../../Engine/Plugins/Media/ImgMedia/Binaries/Win64/UE4Editor-ImgMedia.dll (API version 3709383).
LogModuleManager: Display: Found up-to-date module file ../../../Engine/Plugins/Media/ImgMedia/Binaries/Win64/UE4Editor-ImgMediaEditor.dll (API version 3709383).
LogModuleManager: Display: Found up-to-date module file ../../../Engine/Plugins/Media/ImgMedia/Binaries/Win64/UE4Editor-ImgMediaFactory.dll (API version 3709383).
LogModuleManager: Display: Found up-to-date module file ../../../Engine/Plugins/Media/ImgMedia/Binaries/Win64/UE4Editor-ImgMediaFactory.dll (API version 3709383).
LogModuleManager: Display: Found up-to-date module file ../../../Engine/Plugins/Media/ImgMedia/Binaries/Win64/UE4Editor-OpenExrWrapper.dll (API version 3709383).
LogModuleManager: Display: Found up-to-date module file ../../../Engine/Plugins/Media/MediaCompositing/Binaries/Win64/UE4Editor-MediaCompositing.dll (API version 3709383).
LogModuleManager: Display: Found up-to-date module file ../../../Engine/Plugins/Media/MediaCompositing/Binaries/Win64/UE4Editor-MediaCompositingEditor.dll (API version 3709383).
LogModuleManager: Display: Found up-to-date module file ../../../Engine/Plugins/Media/MediaPlayerEditor/Binaries/Win64/UE4Editor-MediaPlayerEditor.dll (API version 3709383).
LogModuleManager: Display: Found up-to-date module file ../../../Engine/Plugins/Media/WmfMedia/Binaries/Win64/UE4Editor-WmfMedia.dll (API version 3709383).
LogModuleManager: Display: Found up-to-date module file ../../../Engine/Plugins/Media/WmfMedia/Binaries/Win64/UE4Editor-WmfMediaEditor.dll (API version 3709383).
LogModuleManager: Display: Found up-to-date module file ../../../Engine/Plugins/Media/WmfMedia/Binaries/Win64/UE4Editor-WmfMediaFactory.dll (API version 3709383).
LogModuleManager: Display: Found up-to-date module file ../../../Engine/Plugins/Media/WmfMedia/Binaries/Win64/UE4Editor-WmfMediaFactory.dll (API version 3709383).
LogModuleManager: Display: Found up-to-date module file ../../../Engine/Plugins/Messaging/TcpMessaging/Binaries/Win64/UE4Editor-TcpMessaging.dll (API version 3709383).
LogModuleManager: Display: Found up-to-date module file ../../../Engine/Plugins/Messaging/UdpMessaging/Binaries/Win64/UE4Editor-UdpMessaging.dll (API version 3709383).
LogModuleManager: Display: Found up-to-date module file ../../../Engine/Plugins/MovieScene/ActorSequence/Binaries/Win64/UE4Editor-ActorSequence.dll (API version 3709383).
LogModuleManager: Display: Found up-to-date module file ../../../Engine/Plugins/MovieScene/LevelSequenceEditor/Binaries/Win64/UE4Editor-LevelSequenceEditor.dll (API version 3709383).
LogModuleManager: Display: Found up-to-date module file ../../../Engine/Plugins/MovieScene/MatineeToLevelSequence/Binaries/Win64/UE4Editor-MatineeToLevelSequence.dll (API version 3709383).
LogModuleManager: Display: Found up-to-date module file ../../../Engine/Plugins/Online/OnlineSubsystem/Binaries/Win64/UE4Editor-OnlineSubsystem.dll (API version 3709383).
LogModuleManager: Display: Found up-to-date module file ../../../Engine/Plugins/Runtime/AndroidPermission/Binaries/Win64/UE4Editor-AndroidPermission.dll (API version 3709383).
LogModuleManager: Display: Found up-to-date module file ../../../Engine/Plugins/Online/OnlineSubsystemNull/Binaries/Win64/UE4Editor-OnlineSubsystemNull.dll (API version 3709383).
LogModuleManager: Display: Found up-to-date module file ../../../Engine/Plugins/Online/OnlineSubsystemUtils/Binaries/Win64/UE4Editor-OnlineSubsystemUtils.dll (API version 3709383).
LogModuleManager: Display: Found up-to-date module file ../../../Engine/Plugins/Online/OnlineSubsystemUtils/Binaries/Win64/UE4Editor-OnlineBlueprintSupport.dll (API version 3709383).
LogModuleManager: Display: Found up-to-date module file ../../../Engine/Plugins/Runtime/AndroidDeviceProfileSelector/Binaries/Win64/UE4Editor-AndroidDeviceProfileSelector.dll (API version 3709383).
LogModuleManager: Display: Found up-to-date module file ../../../Engine/Plugins/Runtime/AppleARKit/Binaries/Win64/UE4Editor-AppleARKit.dll (API version 3709383).
LogModuleManager: Display: Found up-to-date module file ../../../Engine/Plugins/Runtime/ArchVisCharacter/Binaries/Win64/UE4Editor-ArchVisCharacter.dll (API version 3709383).
LogModuleManager: Display: Found up-to-date module file ../../../Engine/Plugins/Runtime/CableComponent/Binaries/Win64/UE4Editor-CableComponent.dll (API version 3709383).
LogModuleManager: Display: Found up-to-date module file ../../../Engine/Plugins/Runtime/CustomMeshComponent/Binaries/Win64/UE4Editor-CustomMeshComponent.dll (API version 3709383).
LogModuleManager: Display: Found up-to-date module file ../../../Engine/Plugins/Runtime/ExampleDeviceProfileSelector/Binaries/Win64/UE4Editor-ExampleDeviceProfileSelector.dll (API version 3709383).
LogModuleManager: Display: Found up-to-date module file ../../../Engine/Plugins/Runtime/ImmediatePhysics/Binaries/Win64/UE4Editor-ImmediatePhysics.dll (API version 3709383).
LogModuleManager: Display: Found up-to-date module file ../../../Engine/Plugins/Runtime/ImmediatePhysics/Binaries/Win64/UE4Editor-ImmediatePhysicsEditor.dll (API version 3709383).
LogModuleManager: Display: Found up-to-date module file ../../../Engine/Plugins/Runtime/LocationServicesBPLibrary/Binaries/Win64/UE4Editor-LocationServicesBPLibrary.dll (API version 3709383).
LogModuleManager: Display: Found up-to-date module file ../../../Engine/Plugins/Runtime/MobilePatchingUtils/Binaries/Win64/UE4Editor-MobilePatchingUtils.dll (API version 3709383).
LogModuleManager: Display: Found up-to-date module file ../../../Engine/Plugins/Runtime/Oculus/OculusVR/Binaries/Win64/UE4Editor-OculusHMD.dll (API version 3709383).
LogModuleManager: Display: Found up-to-date module file ../../../Engine/Plugins/Runtime/Oculus/OculusVR/Binaries/Win64/UE4Editor-OculusInput.dll (API version 3709383).
LogModuleManager: Display: Found up-to-date module file ../../../Engine/Plugins/Runtime/Oculus/OculusVR/Binaries/Win64/UE4Editor-OculusEditor.dll (API version 3709383).
LogModuleManager: Display: Found up-to-date module file ../../../Engine/Plugins/Runtime/PhysXVehicles/Binaries/Win64/UE4Editor-PhysXVehicles.dll (API version 3709383).
LogModuleManager: Display: Found up-to-date module file ../../../Engine/Plugins/Runtime/PhysXVehicles/Binaries/Win64/UE4Editor-PhysXVehiclesEditor.dll (API version 3709383).
LogModuleManager: Display: Found up-to-date module file ../../../Engine/Plugins/Runtime/ProceduralMeshComponent/Binaries/Win64/UE4Editor-ProceduralMeshComponent.dll (API version 3709383).
LogModuleManager: Display: Found up-to-date module file ../../../Engine/Plugins/Runtime/ProceduralMeshComponent/Binaries/Win64/UE4Editor-ProceduralMeshComponentEditor.dll (API version 3709383).
LogModuleManager: Display: Found up-to-date module file ../../../Engine/Plugins/Runtime/RuntimePhysXCooking/Binaries/Win64/UE4Editor-RuntimePhysXCooking.dll (API version 3709383).
LogModuleManager: Display: Found up-to-date module file ../../../Engine/Plugins/Runtime/Steam/SteamVR/Binaries/Win64/UE4Editor-SteamVR.dll (API version 3709383).
LogModuleManager: Display: Found up-to-date module file ../../../Engine/Plugins/Runtime/Steam/SteamVR/Binaries/Win64/UE4Editor-SteamVRController.dll (API version 3709383).
LogModuleManager: Display: Found up-to-date module file ../../../Engine/Plugins/Runtime/WindowsMoviePlayer/Binaries/Win64/UE4Editor-WindowsMoviePlayer.dll (API version 3709383).
LogPluginManager: Mounting plugin Paper2D
LogPluginManager: Mounting plugin LightPropagationVolume
LogPluginManager: Mounting plugin CodeLiteSourceCodeAccess
LogPluginManager: Mounting plugin GitSourceControl
LogPluginManager: Mounting plugin KDevelopSourceCodeAccess
LogPluginManager: Mounting plugin NullSourceCodeAccess
LogPluginManager: Mounting plugin PerforceSourceControl
LogPluginManager: Mounting plugin SubversionSourceControl
LogPluginManager: Mounting plugin UObjectPlugin
LogPluginManager: Mounting plugin VisualStudioCodeSourceCodeAccess
LogPluginManager: Mounting plugin VisualStudioSourceCodeAccess
LogPluginManager: Mounting plugin XCodeSourceCodeAccess
LogPluginManager: Mounting plugin AssetManagerEditor
LogPluginManager: Mounting plugin AudioCapture
LogPluginManager: Mounting plugin FacialAnimation
LogPluginManager: Mounting plugin GameplayTagsEditor
LogPluginManager: Mounting plugin MobileLauncherProfileWizard
LogPluginManager: Mounting plugin PluginBrowser
LogPluginManager: Mounting plugin SpeedTreeImporter
LogPluginManager: Mounting plugin AlembicImporter
LogPluginManager: Mounting plugin CharacterAI
LogPluginManager: Mounting plugin HTML5Networking
LogPluginManager: Mounting plugin AndroidMedia
LogPluginManager: Mounting plugin AvfMedia
LogPluginManager: Mounting plugin ImgMedia
LogPluginManager: Mounting plugin MediaCompositing
LogPluginManager: Mounting plugin MediaPlayerEditor
LogPluginManager: Mounting plugin WmfMedia
LogPluginManager: Mounting plugin TcpMessaging
LogPluginManager: Mounting plugin UdpMessaging
LogPluginManager: Mounting plugin ActorSequence
LogPluginManager: Mounting plugin LevelSequenceEditor
LogPluginManager: Mounting plugin MatineeToLevelSequence
LogPluginManager: Mounting plugin OnlineSubsystemGooglePlay
LogPluginManager: Mounting plugin OnlineSubsystemIOS
LogPluginManager: Mounting plugin OnlineSubsystem
LogPluginManager: Mounting plugin OnlineSubsystemNull
LogPluginManager: Mounting plugin OnlineSubsystemUtils
LogPluginManager: Mounting plugin AndroidDeviceProfileSelector
LogPluginManager: Mounting plugin AndroidMoviePlayer
LogPluginManager: Mounting plugin AndroidPermission
LogPluginManager: Mounting plugin AppleARKit
LogPluginManager: Mounting plugin AppleMoviePlayer
LogPluginManager: Mounting plugin ArchVisCharacter
LogPluginManager: Mounting plugin CableComponent
LogPluginManager: Mounting plugin CustomMeshComponent
LogPluginManager: Mounting plugin ExampleDeviceProfileSelector
LogPluginManager: Mounting plugin GoogleCloudMessaging
LogPluginManager: Mounting plugin ImmediatePhysics
LogPluginManager: Mounting plugin IOSDeviceProfileSelector
LogPluginManager: Mounting plugin LinuxDeviceProfileSelector
LogPluginManager: Mounting plugin LocationServicesBPLibrary
LogPluginManager: Mounting plugin MobilePatchingUtils
LogPluginManager: Mounting plugin OculusVR
LogPluginManager: Plugin shader directory ../../../Engine/Plugins/Runtime/Oculus/OculusVR/Shaders found
LogPluginManager: Mapping shader source directory ../../../Engine/Plugins/Runtime/Oculus/OculusVR/Shaders to virtual directory /Plugin/OculusVR
LogPluginManager: Mounting plugin PhysXVehicles
LogPluginManager: Mounting plugin ProceduralMeshComponent
LogPluginManager: Mounting plugin RuntimePhysXCooking
LogPluginManager: Mounting plugin SteamVR
LogPluginManager: Mounting plugin WindowsMoviePlayer
LogInit: Using libcurl 7.47.1
LogInit:  - built for x86_64-pc-win32
LogInit:  - supports SSL with OpenSSL/1.0.2g
LogInit:  - supports HTTP deflate (compression) using libz 1.2.8
LogInit:  - other features:
LogInit:      CURL_VERSION_SSL
LogInit:      CURL_VERSION_LIBZ
LogInit:      CURL_VERSION_IPV6
LogInit:      CURL_VERSION_ASYNCHDNS
LogInit:      CURL_VERSION_LARGEFILE
LogInit:      CURL_VERSION_IDN
LogInit:  CurlRequestOptions (configurable via config and command line):
LogInit:  - bVerifyPeer = false  - Libcurl will NOT verify peer certificate
LogInit:  - bUseHttpProxy = false  - Libcurl will NOT use HTTP proxy
LogInit:  - bDontReuseConnections = false  - Libcurl will reuse connections
LogInit:  - CertBundlePath = nullptr  - Libcurl will use whatever was configured at build time.
LogInit: Build: ++UE4+Release-4.18-CL-3754814
LogInit: Engine Version: 4.18.1-3754814+++UE4+Release-4.18
LogInit: Compatible Engine Version: 4.18.0-3709383+++UE4+Release-4.18
LogInit: Net CL: 3709383
LogDevObjectVersion: Number of dev versions registered: 16
LogDevObjectVersion:   Dev-Blueprints (B0D832E4-1F89-4F0D-ACCF-7EB736FD4AA2): 10
LogDevObjectVersion:   Dev-Build (E1C64328-A22C-4D53-A36C-8E866417BD8C): 0
LogDevObjectVersion:   Dev-Core (375EC13C-06E4-48FB-B500-84F0262A717E): 2
LogDevObjectVersion:   Dev-Editor (E4B068ED-F494-42E9-A231-DA0B2E46BB41): 20
LogDevObjectVersion:   Dev-Framework (CFFC743F-43B0-4480-9391-14DF171D2073): 30
LogDevObjectVersion:   Dev-Mobile (B02B49B5-BB20-44E9-A304-32B752E40360): 0
LogDevObjectVersion:   Dev-Networking (A4E4105C-59A1-49B5-A7C5-40C4547EDFEE): 0
LogDevObjectVersion:   Dev-Online (39C831C9-5AE6-47DC-9A44-9C173E1C8E7C): 0
LogDevObjectVersion:   Dev-Physics (78F01B33-EBEA-4F98-B9B4-84EACCB95AA2): 0
LogDevObjectVersion:   Dev-Platform (6631380F-2D4D-43E0-8009-CF276956A95A): 0
LogDevObjectVersion:   Dev-Rendering (12F88B9F-8875-4AFC-A67C-D90C383ABD29): 20
LogDevObjectVersion:   Dev-Sequencer (7B5AE74C-D270-4C10-A958-57980B212A5A): 4
LogDevObjectVersion:   Dev-VR (D7296918-1DD6-4BDD-9DE2-64A83CC13884): 0
LogDevObjectVersion:   Dev-LoadTimes (C2A15278-BFE7-4AFE-6C17-90FF531DF755): 1
LogDevObjectVersion:   Private-Geometry (6EACA3D4-40EC-4CC1-B786-8BED09428FC5): 1
LogDevObjectVersion:   Dev-AnimPhys (29E575DD-E0A3-4627-9D10-D276232CDCEA): 12
LogInit: Compiled (64-bit): Nov 14 2017 02:05:55
LogInit: Compiled with Visual C++: 19.00.24215.01
LogInit: Build Configuration: Development
LogInit: Branch Name: ++UE4+Release-4.18
LogInit: Command line:  
LogInit: Base directory: C:/Program Files/Epic Games/UE_4.18/Engine/Binaries/Win64/
LogInit: Installed Engine Build: 1
LogInit: Presizing for max 8388607 objects, including 0 objects not considered by GC, pre-allocating 0 bytes for permanent pool.
LogInit: Object subsystem initialized
[2017.11.18-20.44.10:051][  0]LogInit: Selected Device Profile: [Windows]
[2017.11.18-20.44.10:051][  0]LogInit: Applying CVar settings loaded from the selected device profile: [Windows]
[2017.11.18-20.44.10:174][  0]LogInit: Computer: SHAKA
[2017.11.18-20.44.10:174][  0]LogInit: User: SHAKAAGINA
[2017.11.18-20.44.10:174][  0]LogInit: CPU Page size=4096, Cores=4
[2017.11.18-20.44.10:174][  0]LogInit: High frequency timer resolution =3.312793 MHz
[2017.11.18-20.44.10:175][  0]LogMemory: Memory total: Physical=15.9GB (16GB approx)
[2017.11.18-20.44.10:175][  0]LogMemory: Platform Memory Stats for Windows
[2017.11.18-20.44.10:175][  0]LogMemory: Process Physical Memory: 274.52 MB used, 274.52 MB peak
[2017.11.18-20.44.10:175][  0]LogMemory: Process Virtual Memory: 271.48 MB used, 271.48 MB peak
[2017.11.18-20.44.10:175][  0]LogMemory: Physical Memory: 6849.99 MB used,  9466.43 MB free, 16316.43 MB total
[2017.11.18-20.44.10:175][  0]LogMemory: Virtual Memory: 645.93 MB used,  9466.43 MB free, 134217728.00 MB total
[2017.11.18-20.44.11:550][  0]LogInit: Using OS detected language (en-US).
[2017.11.18-20.44.11:550][  0]LogInit: Using OS detected locale (en-GB).
[2017.11.18-20.44.12:040][  0]LogTextLocalizationManager: No specific localization for 'en-US' exists, so the 'en' localization will be used.
[2017.11.18-20.44.13:553][  0]LogInit: Setting process to per monitor DPI aware
[2017.11.18-20.44.18:516][  0]LogD3D11RHI: D3D11 adapters:
[2017.11.18-20.44.18:574][  0]LogD3D11RHI:    0. 'NVIDIA GeForce GTX 980 Ti' (Feature Level 11_0)
[2017.11.18-20.44.18:574][  0]LogD3D11RHI:       6103/0/8158 MB DedicatedVideo/DedicatedSystem/SharedSystem, Outputs:1, VendorId:0x10de
[2017.11.18-20.44.18:575][  0]LogD3D11RHI:    1. 'Microsoft Basic Render Driver' (Feature Level 11_0)
[2017.11.18-20.44.18:575][  0]LogD3D11RHI:       0/0/8158 MB DedicatedVideo/DedicatedSystem/SharedSystem, Outputs:0, VendorId:0x1414
[2017.11.18-20.44.18:575][  0]LogD3D11RHI: Chosen D3D11 Adapter: 0
[2017.11.18-20.44.18:590][  0]LogD3D11RHI: Creating new Direct3DDevice
[2017.11.18-20.44.18:590][  0]LogD3D11RHI:     GPU DeviceId: 0x17c8 (for the marketing name, search the web for "GPU Device Id")
[2017.11.18-20.44.18:590][  0]LogWindows: EnumDisplayDevices:
[2017.11.18-20.44.18:591][  0]LogWindows:    0. 'NVIDIA GeForce GTX 980 Ti' (P:1 D:1)
[2017.11.18-20.44.18:591][  0]LogWindows:    1. 'NVIDIA GeForce GTX 980 Ti' (P:0 D:0)
[2017.11.18-20.44.18:591][  0]LogWindows:    2. 'NVIDIA GeForce GTX 980 Ti' (P:0 D:0)
[2017.11.18-20.44.18:591][  0]LogWindows:    3. 'NVIDIA GeForce GTX 980 Ti' (P:0 D:0)
[2017.11.18-20.44.18:591][  0]LogWindows: DebugString: FoundDriverCount:4 
[2017.11.18-20.44.18:591][  0]LogD3D11RHI:     Adapter Name: NVIDIA GeForce GTX 980 Ti
[2017.11.18-20.44.18:591][  0]LogD3D11RHI:   Driver Version: 388.13 (internal:23.21.13.8813, unified:388.13)
[2017.11.18-20.44.18:591][  0]LogD3D11RHI:      Driver Date: 10-27-2017
[2017.11.18-20.44.18:591][  0]LogRHI: Texture pool is 4272 MB (70% of 6103 MB)
[2017.11.18-20.44.18:631][  0]LogD3D11RHI: Async texture creation enabled
[2017.11.18-20.44.19:154][  0]LogD3D11RHI: GPU Timing Frequency: 1000.000000 (Debug: 2 1)
[2017.11.18-20.44.19:277][  0]LogD3D11RHI: HDR output is supported on display 0 (NvId: 0x80061081).
[2017.11.18-20.44.19:855][  0]LogShaderCompilers: Guid format shader working directory is -20 characters bigger than the processId version (../../../../../../Users/SHAKA AGINA/Documents/Unreal Projects/CubeEscape/Intermediate/Shaders/WorkingDirectory/9176/).
[2017.11.18-20.44.19:855][  0]LogShaderCompilers: Cleaned the shader compiler working directory 'C:/Users/SHAKA AGINA/AppData/Local/Temp/UnrealShaderWorkingDir/9E2D36484E61026C1954B990DDF1B29F/'.
[2017.11.18-20.44.19:870][  0]LogShaderCompilers: Display: Using Local Shader Compiler.
[2017.11.18-20.44.26:353][  0]LogTemp: Display: Loaded TP AllDesktopTargetPlatform
[2017.11.18-20.44.26:427][  0]LogTemp: Display: Loaded TP MacClientTargetPlatform
[2017.11.18-20.44.26:501][  0]LogTemp: Display: Loaded TP MacNoEditorTargetPlatform
[2017.11.18-20.44.26:582][  0]LogTemp: Display: Loaded TP MacServerTargetPlatform
[2017.11.18-20.44.26:704][  0]LogTemp: Display: Loaded TP MacTargetPlatform
[2017.11.18-20.44.26:782][  0]LogTemp: Display: Loaded TP WindowsClientTargetPlatform
[2017.11.18-20.44.26:858][  0]LogTemp: Display: Loaded TP WindowsNoEditorTargetPlatform
[2017.11.18-20.44.26:937][  0]LogTemp: Display: Loaded TP WindowsServerTargetPlatform
[2017.11.18-20.44.27:082][  0]LogTemp: Display: Loaded TP WindowsTargetPlatform
[2017.11.18-20.44.27:179][  0]LogTemp: Display: Loaded TP Android_ASTCTargetPlatform
[2017.11.18-20.44.27:263][  0]LogTemp: Display: Loaded TP Android_ATCTargetPlatform
[2017.11.18-20.44.27:345][  0]LogTemp: Display: Loaded TP Android_DXTTargetPlatform
[2017.11.18-20.44.27:428][  0]LogTemp: Display: Loaded TP Android_ETC1TargetPlatform
[2017.11.18-20.44.27:507][  0]LogTemp: Display: Loaded TP Android_ETC2TargetPlatform
[2017.11.18-20.44.27:689][  0]LogTemp: Display: Loaded TP Android_MultiTargetPlatform
[2017.11.18-20.44.27:689][  0]LogTemp: Display: Loaded TP Android_PVRTCTargetPlatform
[2017.11.18-20.44.27:797][  0]LogTemp: Display: Loaded TP AndroidTargetPlatform
[2017.11.18-20.44.27:869][  0]LogTemp: Display: Loaded TP HTML5TargetPlatform
[2017.11.18-20.44.28:083][  0]LogTemp: Display: Loaded TP IOSTargetPlatform
[2017.11.18-20.44.28:130][  0]LogTemp: Display: Loaded TP TVOSTargetPlatform
[2017.11.18-20.44.28:247][  0]LogTemp: Display: Loaded TP LinuxClientTargetPlatform
[2017.11.18-20.44.28:319][  0]LogTemp: Display: Loaded TP LinuxNoEditorTargetPlatform
[2017.11.18-20.44.28:401][  0]LogTemp: Display: Loaded TP LinuxServerTargetPlatform
[2017.11.18-20.44.28:505][  0]LogTemp: Display: Loaded TP LinuxTargetPlatform
[2017.11.18-20.44.28:506][  0]LogTargetPlatformManager: Display: Building Assets For Windows
[2017.11.18-20.44.30:136][  0]LogDerivedDataCache: Display: Max Cache Size: 512 MB
[2017.11.18-20.44.32:152][  0]LogDerivedDataCache: Loaded boot cache 1.98s 80MB C:/Users/SHAKA AGINA/AppData/Local/UnrealEngine/4.18/DerivedDataCache/Boot.ddc.
[2017.11.18-20.44.32:152][  0]LogDerivedDataCache: Display: Loaded Boot cache: C:/Users/SHAKA AGINA/AppData/Local/UnrealEngine/4.18/DerivedDataCache/Boot.ddc
[2017.11.18-20.44.32:152][  0]LogDerivedDataCache: FDerivedDataBackendGraph:  Pak pak cache file ../../../../../../Users/SHAKA AGINA/Documents/Unreal Projects/CubeEscape/DerivedDataCache/DDC.ddp not found, will not use a pak cache.
[2017.11.18-20.44.32:152][  0]LogDerivedDataCache: Unable to find inner node Pak for hierarchical cache Hierarchy.
[2017.11.18-20.44.32:152][  0]LogDerivedDataCache: FDerivedDataBackendGraph:  CompressedPak pak cache file ../../../../../../Users/SHAKA AGINA/Documents/Unreal Projects/CubeEscape/DerivedDataCache/Compressed.ddp not found, will not use a pak cache.
[2017.11.18-20.44.32:152][  0]LogDerivedDataCache: Unable to find inner node CompressedPak for hierarchical cache Hierarchy.
[2017.11.18-20.44.32:629][  0]LogDerivedDataCache: Display: Pak cache opened for reading ../../../Engine/DerivedDataCache/Compressed.ddp.
[2017.11.18-20.44.32:661][  0]LogDerivedDataCache: Using Local data cache path C:/Users/SHAKA AGINA/AppData/Local/UnrealEngine/Common/DerivedDataCache: Writable
[2017.11.18-20.44.32:767][  0]LogMaterial: Verifying Global Shaders for PCD3D_SM5
[2017.11.18-20.44.32:845][  0]LogSlate: Using Freetype 2.6.0
[2017.11.18-20.44.32:963][  0]LogSlate: SlateFontCache - WITH_FREETYPE: 1, WITH_HARFBUZZ: 1
[2017.11.18-20.44.32:973][  0]LogSlate: SlateFontCache - WITH_FREETYPE: 1, WITH_HARFBUZZ: 1
[2017.11.18-20.44.43:041][  0]LogInit: Selected Device Profile: [Windows]
[2017.11.18-20.44.46:484][  0]LogSimplygon: Simplygon DLL not present - disabling.
[2017.11.18-20.44.46:592][  0]LogMeshReduction: Using SimplygonSwarm for distributed automatic mesh merging
[2017.11.18-20.44.46:593][  0]LogMeshReduction: Using QuadricMeshReduction for automatic static mesh reduction
[2017.11.18-20.44.46:593][  0]LogMeshReduction: No automatic skeletal mesh reduction module available
[2017.11.18-20.44.46:593][  0]LogMeshReduction: No automatic mesh merging module available
[2017.11.18-20.44.46:593][  0]LogMeshMerging: No automatic mesh merging module available
[2017.11.18-20.44.47:247][  0]LogNetVersion: CubeEscape , NetCL: 3709383, EngineNetVer: 2, GameNetVer: 0 (Checksum: 2516873625)
[2017.11.18-20.44.50:084][  0]LogAssetRegistry: FAssetRegistry took 0.0439 seconds to start up
[2017.11.18-20.45.04:597][  0]LogPackageLocalizationCache: Processed 7 localized package path(s) for 2 prioritized culture(s) in 0.188600 seconds
[2017.11.18-20.45.04:679][  0]LogUObjectArray: 35900 objects as part of root set at end of initial load.
[2017.11.18-20.45.04:679][  0]LogUObjectAllocator: 7372016 out of 0 bytes used by permanent object pool.
[2017.11.18-20.45.04:679][  0]LogUObjectArray: CloseDisregardForGC: 0/0 objects in disregard for GC pool
[2017.11.18-20.45.04:825][  0]LogInit: WinSock: version 1.1 (2.2), MaxSocks=32767, MaxUdp=65467
[2017.11.18-20.45.38:228][  0]LogTcpMessaging: Initializing TcpMessaging bridge
[2017.11.18-20.45.38:297][  0]LogUdpMessaging: Initializing bridge on interface 0.0.0.0:0 to multicast group 230.0.0.1:6666.
[2017.11.18-20.45.41:362][  0]LogMaterial: Uniform references updated for custom material expression Custom.
[2017.11.18-20.45.43:677][  0]SourceControl: Source control is disabled
[2017.11.18-20.45.43:678][  0]SourceControl: Source control is disabled
[2017.11.18-20.45.43:847][  0]SourceControl: Source control is disabled
[2017.11.18-20.45.43:962][  0]SourceControl: Source control is disabled
[2017.11.18-20.45.46:697][  0]LogAndroidPermission: UAndroidPermissionCallbackProxy::GetInstance
[2017.11.18-20.45.47:484][  0]LogOcInput: OculusInput pre-init called
[2017.11.18-20.45.48:924][  0]LogEngine: Initializing Engine...
[2017.11.18-20.45.49:183][  0]LogHMD: Failed to initialize OpenVR with code 126
[2017.11.18-20.45.51:785][  0]LogStats: UGameplayTagsManager::ConstructGameplayTagTree: Construct from data asset -  0.000 s
[2017.11.18-20.45.51:786][  0]LogStats: UGameplayTagsManager::ConstructGameplayTagTree: GameplayTagTreeChangedEvent.Broadcast -  0.000 s
[2017.11.18-20.45.52:688][  0]LogAIModule: Creating AISystem for world Untitled
[2017.11.18-20.45.53:007][  0]LogInit: XAudio2 using 'Headphones (High Definition Audio Device)' : 2 channels at 48 kHz using 32 bits per sample (channel mask 0x3)
[2017.11.18-20.45.53:084][  0]LogInit: FAudioDevice initialized.
[2017.11.18-20.45.53:339][  0]LogDerivedDataCache: Saved boot cache 0.25s 80MB C:/Users/SHAKA AGINA/AppData/Local/UnrealEngine/4.18/DerivedDataCache/Boot.ddc.
[2017.11.18-20.45.53:350][  0]LogInit: Texture streaming: Enabled
[2017.11.18-20.45.53:686][  0]LogEngineSessionManager: EngineSessionManager initialized
[2017.11.18-20.45.54:075][  0]LogInit: Transaction tracking system initialized
[2017.11.18-20.45.57:861][  0]BlueprintLog: New page: Editor Load
[2017.11.18-20.46.02:504][  0]LocalizationService: Localization service is disabled
[2017.11.18-20.46.05:303][  0]LogConsoleResponse: Display: 
[2017.11.18-20.46.10:930][  0]LogFileCache: Scanning file cache for directory 'C:/Users/SHAKA AGINA/Documents/Unreal Projects/CubeEscape/Content/' took 0.02s
[2017.11.18-20.46.10:930][  0]LogCook: Display: Max memory allowance for cook 16384mb min free memory 0mb
[2017.11.18-20.46.10:930][  0]LogCook: Display: Mobile HDR setting 1
[2017.11.18-20.46.10:937][  0]LogGameplayTags: Display: UGameplayTagsManager::DoneAddingNativeTags. DelegateIsBound: 0
[2017.11.18-20.46.16:189][  0]SourceControl: Source control is disabled
[2017.11.18-20.46.16:256][  0]Cmd: MAP LOAD FILE="../../../../../../Users/SHAKA AGINA/Documents/Unreal Projects/CubeEscape/Content/ThirdPersonBP/Maps/ThirdPersonExampleMap.umap" TEMPLATE=0 SHOWPROGRESS=1 FEATURELEVEL=3
[2017.11.18-20.46.16:281][  0]LightingResults: New page: Lighting Build
[2017.11.18-20.46.16:523][  0]MapCheck: New page: Map Check
[2017.11.18-20.46.16:523][  0]LightingResults: New page: Lighting Build
[2017.11.18-20.46.19:037][  0]LogAIModule: Creating AISystem for world ThirdPersonExampleMap
[2017.11.18-20.46.19:538][  0]LogEditorServer: Finished looking for orphan Actors (0.000 secs)
[2017.11.18-20.46.19:663][  0]Cmd: MAP CHECKDEP NOCLEARLOG
[2017.11.18-20.46.19:753][  0]MapCheck: Map check complete: 0 Error(s), 0 Warning(s), took 89.877ms to complete.
[2017.11.18-20.46.19:754][  0]LogFileHelpers: Loading map 'ThirdPersonExampleMap' took 3.539
[2017.11.18-20.46.22:441][  0]LogCollectionManager: Loaded 0 collections in 0.002351 seconds
[2017.11.18-20.46.22:701][  0]LogFileCache: Scanning file cache for directory 'C:/Users/SHAKA AGINA/Documents/Unreal Projects/CubeEscape/Saved/Collections/' took 0.01s
[2017.11.18-20.46.22:701][  0]LogFileCache: Scanning file cache for directory 'C:/Users/SHAKA AGINA/Documents/Unreal Projects/CubeEscape/Content/Developers/SHAKAAGINA/Collections/' took 0.01s
[2017.11.18-20.46.22:701][  0]LogFileCache: Scanning file cache for directory 'C:/Users/SHAKA AGINA/Documents/Unreal Projects/CubeEscape/Content/Collections/' took 0.01s
[2017.11.18-20.46.22:701][  0]LogCollectionManager: Rebuilt the GUID cache for 0 collections in 0.000001 seconds
[2017.11.18-20.46.22:739][  0]LogContentBrowser: Native class hierarchy populated in 0.0202 seconds. Added 2363 classes and 519 folders.
[2017.11.18-20.46.22:881][  0]LogContentBrowser: Native class hierarchy updated for 'WidgetCarousel' in 0.0003 seconds. Added 0 classes and 0 folders.
[2017.11.18-20.46.25:346][  0]LogContentBrowser: Native class hierarchy updated for 'AddContentDialog' in 0.0003 seconds. Added 0 classes and 0 folders.
[2017.11.18-20.46.26:013][  0]LogContentBrowser: Native class hierarchy updated for 'SceneOutliner' in 0.0003 seconds. Added 1 classes and 2 folders.
[2017.11.18-20.46.27:471][  0]LogSlate: Took 0.038574 seconds to synchronously load lazily loaded font '../../../Engine/Content/Slate/Fonts/Roboto-Regular.ttf' (155K)
[2017.11.18-20.46.27:522][  0]LogSlate: Took 0.026704 seconds to synchronously load lazily loaded font '../../../Engine/Content/Slate/Fonts/Roboto-Bold.ttf' (160K)
[2017.11.18-20.46.27:534][  0]LogSlate: Took 0.009877 seconds to synchronously load lazily loaded font '../../../Engine/Content/Editor/Slate/Fonts/FontAwesome.ttf' (139K)
[2017.11.18-20.46.28:272][  0]LogRenderer: Reallocating scene render targets to support 1092x1040 Format 9 NumSamples 1 (Frame:1).
[2017.11.18-20.46.29:182][  0]LogContentBrowser: Native class hierarchy updated for 'HierarchicalLODOutliner' in 0.0003 seconds. Added 1 classes and 2 folders.
[2017.11.18-20.46.29:182][  0]LogLoad: (Engine Initialization) Total time: 172.71 seconds
[2017.11.18-20.46.29:182][  0]LogLoad: (Engine Initialization) Total Blueprint compile time: 0.00 seconds
[2017.11.18-20.46.29:182][  0]LogExternalProfiler: Found external profiler: VSPerf
[2017.11.18-20.46.29:182][  0]LogExternalProfiler: Using external profiler: VSPerf
[2017.11.18-20.46.29:661][  0]LogContentStreaming: Texture pool size now 800 MB
[2017.11.18-20.46.29:866][  0]LogSlate: Took 0.058470 seconds to synchronously load lazily loaded font '../../../Engine/Content/Slate/Fonts/Roboto-Light.ttf' (159K)
[2017.11.18-20.46.29:964][  1]LogRenderer: Reallocating scene render targets to support 1092x1060 Format 9 NumSamples 1 (Frame:2).
[2017.11.18-20.46.30:637][  2]LogAssetRegistry: Asset discovery search completed in 100.5758 seconds
[2017.11.18-20.46.30:639][  2]LogCollectionManager: Rebuilt the object cache for 0 collections in 0.000001 seconds (found 0 objects)
[2017.11.18-20.46.30:639][  2]LogCollectionManager: Fixed up redirectors for 0 collections in 0.000052 seconds (updated 0 objects)
[2017.11.18-20.46.31:003][  3]LogSlate: Took 0.000548 seconds to synchronously load lazily loaded font '../../../Engine/Content/Slate/Fonts/Roboto-Light.ttf' (159K)
[2017.11.18-20.47.15:870][506]LogEditorViewport: Clicking on Actor (LMB): camera_C (camera)
[2017.11.18-20.47.20:147][831]Cmd: DELETE
[2017.11.18-20.47.20:147][831]Cmd: ACTOR DELETE
[2017.11.18-20.47.20:279][831]LogEditorActor: Deleted Actor: camera_C
[2017.11.18-20.47.20:350][831]LogEditorActor: Deleted 1 Actors (0.124 secs)
[2017.11.18-20.47.21:235][930]LogEditorViewport: Clicking on Actor (LMB): CameraActor (CameraActor1)
[2017.11.18-20.47.23:406][ 91]Cmd: DELETE
[2017.11.18-20.47.23:406][ 91]Cmd: ACTOR DELETE
[2017.11.18-20.47.23:408][ 91]LogEditorActor: Actor CameraActor1 is referenced by MatineeActor.
[2017.11.18-20.47.25:842][ 91]LogEditorActor: Deleted 0 Actors (2.436 secs)
[2017.11.18-20.50.51:679][563]Cmd: TRANSACTION UNDO
[2017.11.18-20.50.51:680][563]LogEditorTransaction: Undo Rotate Actors
[2017.11.18-20.50.53:304][599]Cmd: MODE ROTGRID=1
[2017.11.18-20.51.39:202][588]LogEditorViewport: Clicking on Actor (LMB): StaticMeshActor (Level01)
[2017.11.18-20.51.44:004][979]Cmd: MODE ROTGRID=0
[2017.11.18-20.51.46:922][250]LogEditorViewport: Clicking on Actor (LMB): CameraActor (CameraActor)
[2017.11.18-20.51.49:379][436]LogEditorViewport: Clicking on Actor (LMB): StaticMeshActor (Level01)
[2017.11.18-20.51.54:435][898]LogEditorViewport: Clicking on Actor (LMB): BP_Sky_Sphere_C (SkySphereBlueprint)
[2017.11.18-20.51.56:332][ 69]LogEditorViewport: Clicking on Actor (LMB): CameraActor (CameraActor)
[2017.11.18-20.52.05:164][879]LogEditorViewport: Clicking on Actor (LMB): BP_Sky_Sphere_C (SkySphereBlueprint)
[2017.11.18-20.53.48:721][ 51]LogEditorViewport: Clicking on Actor (LMB): BP_Sky_Sphere_C (SkySphereBlueprint)
[2017.11.18-20.53.51:961][327]LogEditorViewport: Clicking on Actor (LMB): BP_Sky_Sphere_C (SkySphereBlueprint)
[2017.11.18-20.53.52:537][382]LogEditorViewport: Clicking on Actor (LMB): CameraActor (CameraActor)
[2017.11.18-20.54.02:116][130]Cmd: EDIT COPY
[2017.11.18-20.54.02:441][130]Cmd: EDIT PASTE
[2017.11.18-20.54.13:299][843]Cmd: MODE ROTGRID=1
[2017.11.18-20.54.36:696][767]LogEditorViewport: Clicking on Actor (LMB): CameraActor (CameraActor)
[2017.11.18-20.54.40:881][146]LogEditorViewport: Clicking on Actor (LMB): CameraActor (CameraActor2)
[2017.11.18-20.54.47:638][789]LogEditorViewport: Clicking on Actor (LMB): CameraActor (CameraActor)
[2017.11.18-20.54.50:442][ 41]LogEditorViewport: Clicking on Actor (LMB): CameraActor (CameraActor2)
[2017.11.18-20.54.57:677][670]LogEditorViewport: Clicking on Actor (LMB): LightmassImportanceVolume (LightmassImportanceVolume)
[2017.11.18-20.54.59:064][804]LogEditorViewport: Clicking on Actor (LMB): CameraActor (CameraActor)
[2017.11.18-20.55.00:375][917]LogEditorViewport: Clicking on Actor (LMB): CameraActor (CameraActor2)
[2017.11.18-20.55.04:093][209]LogEditorViewport: Clicking on Actor (LMB): CameraActor (CameraActor)
[2017.11.18-20.55.13:517][654]MapCheck: New page: Map Check
[2017.11.18-20.55.13:693][654]LightingResults: New page: Lighting Build - 18 Nov 2017 20:55:13
[2017.11.18-20.55.14:131][654]LogSwarmInterface: [OpenConnection] Registering TCP channel ...
[2017.11.18-20.55.14:292][654]LogSwarmInterface: [OpenConnection] Connecting to agent ...
[2017.11.18-20.55.14:672][654]LogSwarmInterface: [TryOpenConnection] Testing the Agent
[2017.11.18-20.55.17:222][654]LogSwarmInterface: Error: [TryOpenConnection] Waiting for the agent to start up ...
[2017.11.18-20.55.17:256][654]LogSwarmInterface: Error: System.Net.Sockets.SocketException (0x80004005): No connection could be made because the target machine actively refused it 127.0.0.1:8008

Server stack trace: 
   at System.Net.Sockets.Socket.DoConnect(EndPoint endPointSnapshot, SocketAddress socketAddress)
   at System.Net.Sockets.Socket.Connect(EndPoint remoteEP)
   at System.Runtime.Remoting.Channels.RemoteConnection.CreateNewSocket(EndPoint ipEndPoint)
   at System.Runtime.Remoting.Channels.SocketCache.GetSocket(String machinePortAndSid, Boolean openNew)
   at System.Runtime.Remoting.Channels.Tcp.TcpClientTransportSink.SendRequestWithRetry(IMessage msg, ITransportHeaders requestHeaders, Stream requestStream)
   at System.Runtime.Remoting.Channels.Tcp.TcpClientTransportSink.AsyncProcessRequest(IClientChannelSinkStack sinkStack, IMessage msg, ITransportHeaders headers, Stream stream)
   at System.Runtime.Remoting.Channels.BinaryClientFormatterSink.AsyncProcessMessage(IMessage msg, IMessageSink replySink)

Exception rethrown at [0]: 
   at System.Runtime.Remoting.Proxies.RealProxy.HandleReturnMessage(IMessage reqMsg, IMessage retMsg)
   at System.Runtime.Remoting.Proxies.RealProxy.PrivateInvoke(MessageData& msgData, Int32 type)
   at NSwarm.IAgentInterfaceWrapper.MethodDelegate.EndInvoke(Hashtable& OutParameters, IAsyncResult result)
   at NSwarm.FSwarmInterface.TryOpenConnection(FConnectionCallback CallbackFunc, IntPtr CallbackData, ELogFlags LoggingFlags)
[2017.11.18-20.55.22:447][654]LogSwarmInterface: [TryOpenConnection] Opening Connection to Agent
[2017.11.18-20.55.22:447][654]LogSwarmInterface: [TryOpenConnection] Local Process ID is 9176
[2017.11.18-20.55.30:803][654]LogStaticLightingSystem: Running Lightmass w/ ImmediateImport mode ENABLED
[2017.11.18-20.55.30:803][654]LogStaticLightingSystem: Running Lightmass w/ ImmediateProcess mode ENABLED
[2017.11.18-20.55.30:803][654]LogStaticLightingSystem: Running Lightmass w/ Sorting mode ENABLED
[2017.11.18-20.55.30:803][654]LogStaticLightingSystem: Running Lightmass w/ Mapping paddings ENABLED
[2017.11.18-20.55.30:803][654]LogStaticLightingSystem: Running Lightmass w/ Mapping debug paddings DISABLED
[2017.11.18-20.55.31:301][654]LogEditorBuildUtils: Build time 0:17
[2017.11.18-20.55.34:873][682]Job is a success!
[2017.11.18-20.55.35:007][683]LogSlate: Took 0.000182 seconds to synchronously load lazily loaded font '../../../Engine/Content/Slate/Fonts/Roboto-Light.ttf' (159K)
[2017.11.18-20.55.35:290][683]LogVolumetricLightmapImport: Imported Volumetric Lightmap in 0.009s
[2017.11.18-20.55.35:290][683]LogVolumetricLightmapImport:      Indirection Texture 16x16x16 = 0.0Mb
[2017.11.18-20.55.35:290][683]LogVolumetricLightmapImport:      BrickData 245x5x5 = 0.2Mb
[2017.11.18-20.55.35:290][683]LogVolumetricLightmapImport:      Bricks at Level
[2017.11.18-20.55.35:290][683]LogVolumetricLightmapImport:          0: 2.0% covering 100.0% of volume
[2017.11.18-20.55.35:290][683]LogVolumetricLightmapImport:          1: 8.2% covering 6.3% of volume
[2017.11.18-20.55.35:290][683]LogVolumetricLightmapImport:          2: 89.8% covering 1.1% of volume
[2017.11.18-20.55.35:647][683]LogTexture: Display: Building textures: HQ_Lightmap1_1 (AutoDXT, 256X256)
[2017.11.18-20.55.35:647][683]LogTexture: Display: Building textures: SkyOcclusion1_1 (AutoDXT, 256X128)
[2017.11.18-20.55.35:647][683]LogTexture: Display: Building textures: LQ_Lightmap_1_1 (DXT1, 256X256)
[2017.11.18-20.55.35:647][683]LogTexture: Display: Building textures: SkyOcclusion1_2 (AutoDXT, 64X32)
[2017.11.18-20.55.35:647][683]LogTexture: Display: Building textures: LQ_Lightmap_1_2 (DXT1, 64X64)
[2017.11.18-20.55.35:647][683]LogTexture: Display: Building textures: HQ_Lightmap1_2 (AutoDXT, 64X64)
[2017.11.18-20.55.35:704][683]LogTexture: Display: Building textures: ShadowMapTexture2D_3 (G8, 32X32)
[2017.11.18-20.55.35:704][683]LogTexture: Display: Building textures: ShadowMapTexture2D_2 (BGRA8, 128X128)
[2017.11.18-20.55.36:032][683]Lightmass on SHAKA: 2.39 sec total, 471 ms importing, 24 ms setup, 213 ms photons, 1.64 sec processing, 0 ms extra exporting [2/2 mappings]. Threads: 6.53 sec total, 832 ms processing.
[2017.11.18-20.55.36:163][683]LogStaticLightingSystem: Illumination: 22.3 sec (154 ms encoding lightmaps, 55 ms encoding shadowmaps)
[2017.11.18-20.55.36:163][683]LogStaticLightingSystem: Lightmap texture memory:  0.2 MB (0.2 MB streaming, 0.0 MB non-streaming), 4 textures
[2017.11.18-20.55.36:163][683]LogStaticLightingSystem: Shadowmap texture memory: 0.1 MB (0.1 MB streaming, 0.0 MB non-streaming), 2 textures
[2017.11.18-20.55.36:784][683]DumpUnbuiltLightIteractions
[2017.11.18-20.55.36:784][683]Lights with unbuilt interactions: 0
[2017.11.18-20.55.36:784][683]
[2017.11.18-20.55.36:784][683]Primitives with unbuilt interactions: 0
[2017.11.18-20.55.36:797][684]Cmd: MAP CHECK NOTIFYRESULTS
[2017.11.18-20.55.36:797][684]MapCheck: New page: ThirdPersonExampleMap - 18 Nov 2017 20:55:36
[2017.11.18-20.55.36:874][684]MapCheck: Map check complete: 0 Error(s), 0 Warning(s), took 76.913ms to complete.
[2017.11.18-20.56.03:127][623]LogEditorViewport: Clicking on Actor (LMB): BP_Sky_Sphere_C (SkySphereBlueprint)
[2017.11.18-20.56.07:675][739]LogSlate: Took 0.000153 seconds to synchronously load lazily loaded font '../../../Engine/Content/Slate/Fonts/Roboto-Regular.ttf' (155K)
[2017.11.18-20.56.08:868][739]LogContentBrowser: Native class hierarchy updated for 'BlueprintGraph' in 0.0009 seconds. Added 116 classes and 0 folders.
[2017.11.18-20.56.11:234][739]LogSlate: Took 0.015590 seconds to synchronously load lazily loaded font '../../../Engine/Content/Editor/Slate/Fonts/Roboto-BoldCondensed.ttf' (158K)
[2017.11.18-20.57.34:010][833]LogSlate: Took 0.014263 seconds to synchronously load lazily loaded font '../../../Engine/Content/Editor/Slate/Fonts/Roboto-Italic.ttf' (157K)
[2017.11.18-21.00.37:917][270]BlueprintLog: New page: Compile ThirdPersonExampleMap
[2017.11.18-21.00.39:250][318]LogSavePackage: Save=232.99ms
[2017.11.18-21.00.39:250][318]LogSavePackage: Moving '../../../../../../Users/SHAKA AGINA/Documents/Unreal Projects/CubeEscape/Saved/ThirdPersonExampleMap82D559A745E1C11A48F0F889B91909A2.tmp' to '../../../../../../Users/SHAKA AGINA/Documents/Unreal Projects/CubeEscape/Content/ThirdPersonBP/Maps/ThirdPersonExampleMap.umap'
[2017.11.18-21.00.39:258][318]LogSavePackage: Display: Finished SavePackage ../../../../../../Users/SHAKA AGINA/Documents/Unreal Projects/CubeEscape/Content/ThirdPersonBP/Maps/ThirdPersonExampleMap.umap
[2017.11.18-21.00.39:302][318]LogFileHelpers: Saving map 'ThirdPersonExampleMap' took 0.422
[2017.11.18-21.01.00:717][782]LogEditorViewport: Clicking on Actor (LMB): BP_Sky_Sphere_C (SkySphereBlueprint)
[2017.11.18-21.01.02:321][905]LogSavePackage: Save=199.74ms
[2017.11.18-21.01.02:321][905]LogSavePackage: Moving '../../../../../../Users/SHAKA AGINA/Documents/Unreal Projects/CubeEscape/Saved/ThirdPersonExampleMap9D2F54C54470A7728214808E97C7F220.tmp' to '../../../../../../Users/SHAKA AGINA/Documents/Unreal Projects/CubeEscape/Content/ThirdPersonBP/Maps/ThirdPersonExampleMap.umap'
[2017.11.18-21.01.02:325][905]LogSavePackage: Display: Finished SavePackage ../../../../../../Users/SHAKA AGINA/Documents/Unreal Projects/CubeEscape/Content/ThirdPersonBP/Maps/ThirdPersonExampleMap.umap
[2017.11.18-21.01.02:396][905]LogSavePackage: Save=23.10ms
[2017.11.18-21.01.02:396][905]LogSavePackage: Moving '../../../../../../Users/SHAKA AGINA/Documents/Unreal Projects/CubeEscape/Saved/ThirdPersonExampleMap_BuiltData903C47314759CEADDAAC9EB36FCFBE2A.tmp' to '../../../../../../Users/SHAKA AGINA/Documents/Unreal Projects/CubeEscape/Content/ThirdPersonBP/Maps/ThirdPersonExampleMap_BuiltData.uasset'
[2017.11.18-21.01.02:399][905]LogSavePackage: Display: Finished SavePackage ../../../../../../Users/SHAKA AGINA/Documents/Unreal Projects/CubeEscape/Content/ThirdPersonBP/Maps/ThirdPersonExampleMap_BuiltData.uasset
